# JRE version: Java(TM) SE Runtime Environment (22.0.1+8) (build 22.0.1+8-16)
# Java VM: Java HotSpot(TM) 64-Bit Server VM (22.0.1+8-16, mixed mode, sharing, tiered, compressed oops, compressed class ptrs, g1 gc, windows-amd64)
GC Precious Log:
 CardTable entry size: 512
 Card Set container configuration: InlinePtr #cards 5 size 8 Array Of Cards #cards 12 size 40 Howl #buckets 4 coarsen threshold 1843 Howl Bitmap #cards 512 size 80 coarsen threshold 460 Card regions per heap region 1 cards per card region 2048
 CPUs: 4 total, 4 available
 Memory: 7834M
 Large Page Support: Disabled
 NUMA Support: Disabled
 Compressed Oops: Enabled (32-bit)
 Heap Region Size: 1M
 Heap Min Capacity: 8M
 Heap Initial Capacity: 124M
 Heap Max Capacity: 1960M
 Pre-touch: Disabled
 Parallel Workers: 4
 Concurrent Workers: 1
 Concurrent Refinement Workers: 4
 Periodic GC: Disabled
Heap:
 garbage-first heap   total reserved 2007040K, committed 67584K, used 50293K [0x0000000085800000, 0x0000000100000000)
  region size 1024K, 13 young (13312K), 2 survivors (2048K)
 Metaspace       used 84376K, committed 85248K, reserved 1179648K
  class space    used 11476K, committed 11840K, reserved 1048576K
GC Heap History (20 events):
Event: 8.077 GC heap before
{Heap before GC invocations=16 (full 0):
 garbage-first heap   total reserved 2007040K, committed 51200K, used 44624K [0x0000000085800000, 0x0000000100000000)
  region size 1024K, 19 young (19456K), 3 survivors (3072K)
 Metaspace       used 62273K, committed 63040K, reserved 1114112K
  class space    used 8450K, committed 8768K, reserved 1048576K
}
Event: 8.082 GC heap after
{Heap after GC invocations=17 (full 0):
 garbage-first heap   total reserved 2007040K, committed 51200K, used 29868K [0x0000000085800000, 0x0000000100000000)
  region size 1024K, 2 young (2048K), 2 survivors (2048K)
 Metaspace       used 62273K, committed 63040K, reserved 1114112K
  class space    used 8450K, committed 8768K, reserved 1048576K
}
Event: 8.345 GC heap before
{Heap before GC invocations=17 (full 0):
 garbage-first heap   total reserved 2007040K, committed 51200K, used 44204K [0x0000000085800000, 0x0000000100000000)
  region size 1024K, 17 young (17408K), 2 survivors (2048K)
 Metaspace       used 65083K, committed 65792K, reserved 1114112K
  class space    used 9060K, committed 9344K, reserved 1048576K
}
Event: 8.350 GC heap after
{Heap after GC invocations=18 (full 0):
 garbage-first heap   total reserved 2007040K, committed 51200K, used 32271K [0x0000000085800000, 0x0000000100000000)
  region size 1024K, 3 young (3072K), 3 survivors (3072K)
 Metaspace       used 65083K, committed 65792K, reserved 1114112K
  class space    used 9060K, committed 9344K, reserved 1048576K
}
Event: 8.499 GC heap before
{Heap before GC invocations=19 (full 0):
 garbage-first heap   total reserved 2007040K, committed 56320K, used 41487K [0x0000000085800000, 0x0000000100000000)
  region size 1024K, 13 young (13312K), 3 survivors (3072K)
 Metaspace       used 65830K, committed 66496K, reserved 1114112K
  class space    used 9191K, committed 9472K, reserved 1048576K
}
Event: 8.502 GC heap after
{Heap after GC invocations=20 (full 0):
 garbage-first heap   total reserved 2007040K, committed 67584K, used 32139K [0x0000000085800000, 0x0000000100000000)
  region size 1024K, 1 young (1024K), 1 survivors (1024K)
 Metaspace       used 65830K, committed 66496K, reserved 1114112K
  class space    used 9191K, committed 9472K, reserved 1048576K
}
Event: 9.012 GC heap before
{Heap before GC invocations=20 (full 0):
 garbage-first heap   total reserved 2007040K, committed 67584K, used 58763K [0x0000000085800000, 0x0000000100000000)
  region size 1024K, 27 young (27648K), 1 survivors (1024K)
 Metaspace       used 69089K, committed 69888K, reserved 1114112K
  class space    used 9603K, committed 9984K, reserved 1048576K
}
Event: 9.018 GC heap after
{Heap after GC invocations=21 (full 0):
 garbage-first heap   total reserved 2007040K, committed 67584K, used 34398K [0x0000000085800000, 0x0000000100000000)
  region size 1024K, 3 young (3072K), 3 survivors (3072K)
 Metaspace       used 69089K, committed 69888K, reserved 1114112K
  class space    used 9603K, committed 9984K, reserved 1048576K
}
Event: 39.119 GC heap before
{Heap before GC invocations=21 (full 0):
 garbage-first heap   total reserved 2007040K, committed 67584K, used 58974K [0x0000000085800000, 0x0000000100000000)
  region size 1024K, 27 young (27648K), 3 survivors (3072K)
 Metaspace       used 72484K, committed 73344K, reserved 1114112K
  class space    used 10060K, committed 10432K, reserved 1048576K
}
Event: 39.127 GC heap after
{Heap after GC invocations=22 (full 0):
 garbage-first heap   total reserved 2007040K, committed 67584K, used 36766K [0x0000000085800000, 0x0000000100000000)
  region size 1024K, 3 young (3072K), 3 survivors (3072K)
 Metaspace       used 72484K, committed 73344K, reserved 1114112K
  class space    used 10060K, committed 10432K, reserved 1048576K
}
Event: 41.058 GC heap before
{Heap before GC invocations=23 (full 0):
 garbage-first heap   total reserved 2007040K, committed 67584K, used 58270K [0x0000000085800000, 0x0000000100000000)
  region size 1024K, 25 young (25600K), 3 survivors (3072K)
 Metaspace       used 80308K, committed 81280K, reserved 1179648K
  class space    used 11024K, committed 11456K, reserved 1048576K
}
Event: 41.063 GC heap after
{Heap after GC invocations=24 (full 0):
 garbage-first heap   total reserved 2007040K, committed 67584K, used 40075K [0x0000000085800000, 0x0000000100000000)
  region size 1024K, 4 young (4096K), 4 survivors (4096K)
 Metaspace       used 80308K, committed 81280K, reserved 1179648K
  class space    used 11024K, committed 11456K, reserved 1048576K
}
Event: 219.190 GC heap before
{Heap before GC invocations=24 (full 0):
 garbage-first heap   total reserved 2007040K, committed 67584K, used 57483K [0x0000000085800000, 0x0000000100000000)
  region size 1024K, 22 young (22528K), 4 survivors (4096K)
 Metaspace       used 81267K, committed 82112K, reserved 1179648K
  class space    used 11140K, committed 11520K, reserved 1048576K
}
Event: 219.224 GC heap after
{Heap after GC invocations=25 (full 0):
 garbage-first heap   total reserved 2007040K, committed 67584K, used 38967K [0x0000000085800000, 0x0000000100000000)
  region size 1024K, 1 young (1024K), 1 survivors (1024K)
 Metaspace       used 81267K, committed 82112K, reserved 1179648K
  class space    used 11140K, committed 11520K, reserved 1048576K
}
Event: 378.900 GC heap before
{Heap before GC invocations=25 (full 0):
 garbage-first heap   total reserved 2007040K, committed 67584K, used 60471K [0x0000000085800000, 0x0000000100000000)
  region size 1024K, 22 young (22528K), 1 survivors (1024K)
 Metaspace       used 82292K, committed 83136K, reserved 1179648K
  class space    used 11302K, committed 11648K, reserved 1048576K
}
Event: 378.906 GC heap after
{Heap after GC invocations=26 (full 0):
 garbage-first heap   total reserved 2007040K, committed 67584K, used 39327K [0x0000000085800000, 0x0000000100000000)
  region size 1024K, 1 young (1024K), 1 survivors (1024K)
 Metaspace       used 82292K, committed 83136K, reserved 1179648K
  class space    used 11302K, committed 11648K, reserved 1048576K
}
Event: 379.559 GC heap before
{Heap before GC invocations=27 (full 0):
 garbage-first heap   total reserved 2007040K, committed 67584K, used 61855K [0x0000000085800000, 0x0000000100000000)
  region size 1024K, 23 young (23552K), 1 survivors (1024K)
 Metaspace       used 84058K, committed 84928K, reserved 1179648K
  class space    used 11470K, committed 11840K, reserved 1048576K
}
Event: 379.564 GC heap after
{Heap after GC invocations=28 (full 0):
 garbage-first heap   total reserved 2007040K, committed 67584K, used 40356K [0x0000000085800000, 0x0000000100000000)
  region size 1024K, 2 young (2048K), 2 survivors (2048K)
 Metaspace       used 84058K, committed 84928K, reserved 1179648K
  class space    used 11470K, committed 11840K, reserved 1048576K
}
Event: 379.900 GC heap before
{Heap before GC invocations=28 (full 0):
 garbage-first heap   total reserved 2007040K, committed 67584K, used 60836K [0x0000000085800000, 0x0000000100000000)
  region size 1024K, 22 young (22528K), 2 survivors (2048K)
 Metaspace       used 84341K, committed 85248K, reserved 1179648K
  class space    used 11474K, committed 11840K, reserved 1048576K
}
Event: 379.908 GC heap after
{Heap after GC invocations=29 (full 0):
 garbage-first heap   total reserved 2007040K, committed 67584K, used 40053K [0x0000000085800000, 0x0000000100000000)
  region size 1024K, 2 young (2048K), 2 survivors (2048K)
 Metaspace       used 84341K, committed 85248K, reserved 1179648K
  class space    used 11474K, committed 11840K, reserved 1048576K
}

